Using pre-set license
Built from '2021.3/staging' branch; Version is '2021.3.5f1 (40eb3a945986) revision 4254522'; Using compiler version '192829333'; Build Type 'Release'
OS: 'Windows 10  (10.0.19044) 64bit Core' Language: 'ko' Physical Memory: 12225 MB
BatchMode: 1, IsHumanControllingUs: 0, StartBugReporterOnCrash: 0, Is64bit: 1, IsPro: 1

COMMAND LINE ARGUMENTS:
C:\Users\LJH\Desktop\Unity\2021.3.5f1\Editor\Unity.exe
-adb2
-batchMode
-noUpm
-name
AssetImportWorker2
-projectPath
C:/MetaverseProgramming_LJH/2022_Unity_Crossy_Road_Copy/Crossy_Road_Copy
-logFile
Logs/AssetImportWorker2.log
-srvPort
53718
Successfully changed project path to: C:/MetaverseProgramming_LJH/2022_Unity_Crossy_Road_Copy/Crossy_Road_Copy
C:/MetaverseProgramming_LJH/2022_Unity_Crossy_Road_Copy/Crossy_Road_Copy
[UnityMemory] Configuration Parameters - Can be set up in boot.config
    "memorysetup-bucket-allocator-granularity=16"
    "memorysetup-bucket-allocator-bucket-count=8"
    "memorysetup-bucket-allocator-block-size=33554432"
    "memorysetup-bucket-allocator-block-count=8"
    "memorysetup-main-allocator-block-size=16777216"
    "memorysetup-thread-allocator-block-size=16777216"
    "memorysetup-gfx-main-allocator-block-size=16777216"
    "memorysetup-gfx-thread-allocator-block-size=16777216"
    "memorysetup-cache-allocator-block-size=4194304"
    "memorysetup-typetree-allocator-block-size=2097152"
    "memorysetup-profiler-bucket-allocator-granularity=16"
    "memorysetup-profiler-bucket-allocator-bucket-count=8"
    "memorysetup-profiler-bucket-allocator-block-size=33554432"
    "memorysetup-profiler-bucket-allocator-block-count=8"
    "memorysetup-profiler-allocator-block-size=16777216"
    "memorysetup-profiler-editor-allocator-block-size=1048576"
    "memorysetup-temp-allocator-size-main=16777216"
    "memorysetup-job-temp-allocator-block-size=2097152"
    "memorysetup-job-temp-allocator-block-size-background=1048576"
    "memorysetup-job-temp-allocator-reduction-small-platforms=262144"
    "memorysetup-temp-allocator-size-background-worker=32768"
    "memorysetup-temp-allocator-size-job-worker=262144"
    "memorysetup-temp-allocator-size-preload-manager=33554432"
    "memorysetup-temp-allocator-size-nav-mesh-worker=65536"
    "memorysetup-temp-allocator-size-audio-worker=65536"
    "memorysetup-temp-allocator-size-cloud-worker=32768"
    "memorysetup-temp-allocator-size-gi-baking-worker=262144"
    "memorysetup-temp-allocator-size-gfx=262144"
Refreshing native plugins compatible for Editor in 164.23 ms, found 3 plugins.
Preloading 0 native plugins for Editor in 0.00 ms.
Initialize engine version: 2021.3.5f1 (40eb3a945986)
[Subsystems] Discovering subsystems at path C:/Users/LJH/Desktop/Unity/2021.3.5f1/Editor/Data/Resources/UnitySubsystems
[Subsystems] Discovering subsystems at path C:/MetaverseProgramming_LJH/2022_Unity_Crossy_Road_Copy/Crossy_Road_Copy/Assets
GfxDevice: creating device client; threaded=0; jobified=0
Direct3D:
    Version:  Direct3D 11.0 [level 11.1]
    Renderer: NVIDIA GeForce GTX 1060 6GB (ID=0x1c03)
    Vendor:   NVIDIA
    VRAM:     6052 MB
    Driver:   27.21.14.5671
Initialize mono
Mono path[0] = 'C:/Users/LJH/Desktop/Unity/2021.3.5f1/Editor/Data/Managed'
Mono path[1] = 'C:/Users/LJH/Desktop/Unity/2021.3.5f1/Editor/Data/MonoBleedingEdge/lib/mono/unityjit-win32'
Mono config path = 'C:/Users/LJH/Desktop/Unity/2021.3.5f1/Editor/Data/MonoBleedingEdge/etc'
Using monoOptions --debugger-agent=transport=dt_socket,embedding=1,server=y,suspend=n,address=127.0.0.1:56956
Begin MonoManager ReloadAssembly
Registering precompiled unity dll's ...
Register platform support module: C:/Users/LJH/Desktop/Unity/2021.3.5f1/Editor/Data/PlaybackEngines/AndroidPlayer/UnityEditor.Android.Extensions.dll
Register platform support module: C:/Users/LJH/Desktop/Unity/2021.3.5f1/Editor/Data/PlaybackEngines/WindowsStandaloneSupport/UnityEditor.WindowsStandalone.Extensions.dll
Register platform support module: C:/Users/LJH/Desktop/Unity/2021.3.5f1/Editor/Data/PlaybackEngines/MetroSupport/UnityEditor.UWP.Extensions.dll
Registered in 0.044209 seconds.
Native extension for UWP target not found
Native extension for WindowsStandalone target not found
Native extension for Android target not found
Refreshing native plugins compatible for Editor in 106.67 ms, found 3 plugins.
Preloading 0 native plugins for Editor in 0.00 ms.
Mono: successfully reloaded assembly
- Completed reload, in  1.080 seconds
Domain Reload Profiling:
	ReloadAssembly (1081ms)
		BeginReloadAssembly (197ms)
			ExecutionOrderSort (0ms)
			DisableScriptedObjects (0ms)
			BackupInstance (0ms)
			ReleaseScriptingObjects (0ms)
			CreateAndSetChildDomain (1ms)
		EndReloadAssembly (660ms)
			LoadAssemblies (193ms)
			RebuildTransferFunctionScriptingTraits (0ms)
			SetupTypeCache (159ms)
			ReleaseScriptCaches (0ms)
			RebuildScriptCaches (41ms)
			SetupLoadedEditorAssemblies (374ms)
				LogAssemblyErrors (0ms)
				InitializePlatformSupportModulesInManaged (76ms)
				SetLoadedEditorAssemblies (0ms)
				RefreshPlugins (107ms)
				BeforeProcessingInitializeOnLoad (1ms)
				ProcessInitializeOnLoadAttributes (116ms)
				ProcessInitializeOnLoadMethodAttributes (73ms)
				AfterProcessingInitializeOnLoad (0ms)
				EditorAssembliesLoaded (0ms)
			ExecutionOrderSort2 (0ms)
			AwakeInstancesAfterBackupRestoration (0ms)
Platform modules already initialized, skipping
Registering precompiled user dll's ...
Registered in 0.026220 seconds.
Begin MonoManager ReloadAssembly
Symbol file LoadedFromMemory doesn't match image C:\MetaverseProgramming_LJH\2022_Unity_Crossy_Road_Copy\Crossy_Road_Copy\Library\PackageCache\com.unity.visualscripting@1.7.8\Editor\VisualScripting.Core\Dependencies\YamlDotNet\Unity.VisualScripting.YamlDotNet.dll
Symbol file LoadedFromMemory doesn't match image C:\MetaverseProgramming_LJH\2022_Unity_Crossy_Road_Copy\Crossy_Road_Copy\Library\PackageCache\com.unity.visualscripting@1.7.8\Editor\VisualScripting.Core\Dependencies\DotNetZip\Unity.VisualScripting.IonicZip.dll
Native extension for UWP target not found
Native extension for WindowsStandalone target not found
Native extension for Android target not found
Refreshing native plugins compatible for Editor in 0.69 ms, found 3 plugins.
Preloading 0 native plugins for Editor in 0.00 ms.
Mono: successfully reloaded assembly
- Completed reload, in  1.748 seconds
Domain Reload Profiling:
	ReloadAssembly (1749ms)
		BeginReloadAssembly (244ms)
			ExecutionOrderSort (0ms)
			DisableScriptedObjects (7ms)
			BackupInstance (0ms)
			ReleaseScriptingObjects (0ms)
			CreateAndSetChildDomain (25ms)
		EndReloadAssembly (1310ms)
			LoadAssemblies (263ms)
			RebuildTransferFunctionScriptingTraits (0ms)
			SetupTypeCache (383ms)
			ReleaseScriptCaches (1ms)
			RebuildScriptCaches (73ms)
			SetupLoadedEditorAssemblies (600ms)
				LogAssemblyErrors (0ms)
				InitializePlatformSupportModulesInManaged (35ms)
				SetLoadedEditorAssemblies (1ms)
				RefreshPlugins (1ms)
				BeforeProcessingInitializeOnLoad (162ms)
				ProcessInitializeOnLoadAttributes (331ms)
				ProcessInitializeOnLoadMethodAttributes (35ms)
				AfterProcessingInitializeOnLoad (35ms)
				EditorAssembliesLoaded (0ms)
			ExecutionOrderSort2 (0ms)
			AwakeInstancesAfterBackupRestoration (27ms)
Platform modules already initialized, skipping
========================================================================
Worker process is ready to serve import requests
Launched and connected shader compiler UnityShaderCompiler.exe after 0.10 seconds
Refreshing native plugins compatible for Editor in 0.69 ms, found 3 plugins.
Preloading 0 native plugins for Editor in 0.00 ms.
Unloading 3595 Unused Serialized files (Serialized files now loaded: 0)
Unloading 41 unused Assets / (181.9 KB). Loaded Objects now: 4052.
Memory consumption went from 127.9 MB to 127.7 MB.
Total: 3.641700 ms (FindLiveObjects: 0.329200 ms CreateObjectMapping: 0.167400 ms MarkObjects: 3.000700 ms  DeleteObjects: 0.143400 ms)

AssetImportParameters requested are different than current active one (requested -> active):
  custom:video-decoder-ogg-theora: a1e56fd34408186e4bbccfd4996cb3dc -> 
  custom:container-muxer-webm: aa71ff27fc2769a1b78a27578f13a17b -> 
  custom:container-demuxer-webm: 4f35f7cbe854078d1ac9338744f61a02 -> 
  custom:video-encoder-webm-vp8: eb34c28f22e8b96e1ab97ce403110664 -> 
  custom:audio-encoder-webm-vorbis: bf7c407c2cedff20999df2af8eb42d56 -> 
  custom:framework-win-MediaFoundation: 216162199b28c13a410421893ffa2e32 -> 
  custom:container-demuxer-ogg: 62fdf1f143b41e24485cea50d1cbac27 -> 
  custom:video-decoder-webm-vp8: 9c59270c3fd7afecdb556c50c9e8de78 -> 
  custom:audio-decoder-ogg-vorbis: bf7c407c2cedff20999df2af8eb42d56 -> 
========================================================================
Received Import Request.
  Time since last request: 39981.017262 seconds.
  path: Assets/External Assets/Train/Model/Train.fbx
  artifactKey: Guid(272cb988dc8f53541a70afd07ace6ee6) Importer(815301076,1909f56bfc062723c751e8b465ee728b)
Start importing Assets/External Assets/Train/Model/Train.fbx using Guid(272cb988dc8f53541a70afd07ace6ee6) Importer(815301076,1909f56bfc062723c751e8b465ee728b)  -> (artifact id: 'c2edbc5bf27cbf3373ab12bec65077f5') in 0.496368 seconds 
========================================================================
Received Import Request.
  Time since last request: 150.109073 seconds.
  path: Assets/Prefabs/Tile/Rail/Train 1.prefab
  artifactKey: Guid(66995d422d8d8284982f85c086004d15) Importer(815301076,1909f56bfc062723c751e8b465ee728b)
Start importing Assets/Prefabs/Tile/Rail/Train 1.prefab using Guid(66995d422d8d8284982f85c086004d15) Importer(815301076,1909f56bfc062723c751e8b465ee728b)  -> (artifact id: '07ab374b672ff804a478cba02af7c033') in 0.143002 seconds 
========================================================================
Received Import Request.
  Time since last request: 12.922578 seconds.
  path: Assets/Prefabs/Tile/Rail/RailTile.prefab
  artifactKey: Guid(dc05f582e9a99f347820793f00b0a4ec) Importer(815301076,1909f56bfc062723c751e8b465ee728b)
Start importing Assets/Prefabs/Tile/Rail/RailTile.prefab using Guid(dc05f582e9a99f347820793f00b0a4ec) Importer(815301076,1909f56bfc062723c751e8b465ee728b)  -> (artifact id: '56404937ea1d1a3010d5c6c6d67bbdf6') in 0.119911 seconds 
========================================================================
Received Prepare
Registering precompiled user dll's ...
Registered in 0.025339 seconds.
Begin MonoManager ReloadAssembly
Symbol file LoadedFromMemory doesn't match image C:\MetaverseProgramming_LJH\2022_Unity_Crossy_Road_Copy\Crossy_Road_Copy\Library\PackageCache\com.unity.visualscripting@1.7.8\Editor\VisualScripting.Core\Dependencies\YamlDotNet\Unity.VisualScripting.YamlDotNet.dll
Symbol file LoadedFromMemory doesn't match image C:\MetaverseProgramming_LJH\2022_Unity_Crossy_Road_Copy\Crossy_Road_Copy\Library\PackageCache\com.unity.visualscripting@1.7.8\Editor\VisualScripting.Core\Dependencies\DotNetZip\Unity.VisualScripting.IonicZip.dll
Native extension for UWP target not found
Native extension for WindowsStandalone target not found
Native extension for Android target not found
Refreshing native plugins compatible for Editor in 1.05 ms, found 3 plugins.
Preloading 0 native plugins for Editor in 0.00 ms.
Mono: successfully reloaded assembly
- Completed reload, in  2.428 seconds
Domain Reload Profiling:
	ReloadAssembly (2429ms)
		BeginReloadAssembly (379ms)
			ExecutionOrderSort (0ms)
			DisableScriptedObjects (8ms)
			BackupInstance (0ms)
			ReleaseScriptingObjects (0ms)
			CreateAndSetChildDomain (69ms)
		EndReloadAssembly (1813ms)
			LoadAssemblies (332ms)
			RebuildTransferFunctionScriptingTraits (0ms)
			SetupTypeCache (549ms)
			ReleaseScriptCaches (2ms)
			RebuildScriptCaches (78ms)
			SetupLoadedEditorAssemblies (836ms)
				LogAssemblyErrors (0ms)
				InitializePlatformSupportModulesInManaged (62ms)
				SetLoadedEditorAssemblies (1ms)
				RefreshPlugins (1ms)
				BeforeProcessingInitializeOnLoad (197ms)
				ProcessInitializeOnLoadAttributes (429ms)
				ProcessInitializeOnLoadMethodAttributes (88ms)
				AfterProcessingInitializeOnLoad (58ms)
				EditorAssembliesLoaded (0ms)
			ExecutionOrderSort2 (0ms)
			AwakeInstancesAfterBackupRestoration (37ms)
Platform modules already initialized, skipping
Refreshing native plugins compatible for Editor in 5.72 ms, found 3 plugins.
Preloading 0 native plugins for Editor in 0.00 ms.
Unloading 3577 Unused Serialized files (Serialized files now loaded: 0)
Unloading 22 unused Assets / (149.4 KB). Loaded Objects now: 4078.
Memory consumption went from 131.2 MB to 131.0 MB.
Total: 4.793400 ms (FindLiveObjects: 0.351800 ms CreateObjectMapping: 0.316700 ms MarkObjects: 3.771700 ms  DeleteObjects: 0.351400 ms)

AssetImportParameters requested are different than current active one (requested -> active):
  custom:video-decoder-ogg-theora: a1e56fd34408186e4bbccfd4996cb3dc -> 
  custom:container-muxer-webm: aa71ff27fc2769a1b78a27578f13a17b -> 
  custom:container-demuxer-webm: 4f35f7cbe854078d1ac9338744f61a02 -> 
  custom:video-encoder-webm-vp8: eb34c28f22e8b96e1ab97ce403110664 -> 
  custom:audio-encoder-webm-vorbis: bf7c407c2cedff20999df2af8eb42d56 -> 
  custom:framework-win-MediaFoundation: 216162199b28c13a410421893ffa2e32 -> 
  custom:container-demuxer-ogg: 62fdf1f143b41e24485cea50d1cbac27 -> 
  custom:video-decoder-webm-vp8: 9c59270c3fd7afecdb556c50c9e8de78 -> 
  custom:audio-decoder-ogg-vorbis: bf7c407c2cedff20999df2af8eb42d56 -> 
========================================================================
Received Import Request.
  Time since last request: 104.704340 seconds.
  path: Assets/Prefabs/Tile/Rail/Train 1.prefab
  artifactKey: Guid(66995d422d8d8284982f85c086004d15) Importer(815301076,1909f56bfc062723c751e8b465ee728b)
Start importing Assets/Prefabs/Tile/Rail/Train 1.prefab using Guid(66995d422d8d8284982f85c086004d15) Importer(815301076,1909f56bfc062723c751e8b465ee728b)  -> (artifact id: '4744294441d1ab8c529591d9a039958b') in 0.215186 seconds 
========================================================================
Received Import Request.
  Time since last request: 3.830454 seconds.
  path: Assets/Prefabs/Tile/Rail/Train 1.prefab
  artifactKey: Guid(66995d422d8d8284982f85c086004d15) Importer(815301076,1909f56bfc062723c751e8b465ee728b)
Start importing Assets/Prefabs/Tile/Rail/Train 1.prefab using Guid(66995d422d8d8284982f85c086004d15) Importer(815301076,1909f56bfc062723c751e8b465ee728b)  -> (artifact id: '91294bb02c43884674c64a03b28d0303') in 0.108652 seconds 
========================================================================
Received Import Request.
  Time since last request: 4.128798 seconds.
  path: Assets/Prefabs/Tile/Rail/Train 1.prefab
  artifactKey: Guid(66995d422d8d8284982f85c086004d15) Importer(815301076,1909f56bfc062723c751e8b465ee728b)
Start importing Assets/Prefabs/Tile/Rail/Train 1.prefab using Guid(66995d422d8d8284982f85c086004d15) Importer(815301076,1909f56bfc062723c751e8b465ee728b)  -> (artifact id: '5ce173b3b2d4d8464b9ea684a16a1bb2') in 0.115397 seconds 
========================================================================
Received Import Request.
  Time since last request: 45.740274 seconds.
  path: Assets/Prefabs/Tile/Rail/Train 1.prefab
  artifactKey: Guid(66995d422d8d8284982f85c086004d15) Importer(815301076,1909f56bfc062723c751e8b465ee728b)
Start importing Assets/Prefabs/Tile/Rail/Train 1.prefab using Guid(66995d422d8d8284982f85c086004d15) Importer(815301076,1909f56bfc062723c751e8b465ee728b)  -> (artifact id: 'e787a1bf87cc2737c4815525b0cec277') in 0.109722 seconds 
========================================================================
Received Import Request.
  Time since last request: 11.381582 seconds.
  path: Assets/Prefabs/Tile/Rail/RailTile.prefab
  artifactKey: Guid(dc05f582e9a99f347820793f00b0a4ec) Importer(815301076,1909f56bfc062723c751e8b465ee728b)
Start importing Assets/Prefabs/Tile/Rail/RailTile.prefab using Guid(dc05f582e9a99f347820793f00b0a4ec) Importer(815301076,1909f56bfc062723c751e8b465ee728b)  -> (artifact id: 'b02dc2319645ea43f10ea18c82175394') in 0.140474 seconds 
========================================================================
Received Import Request.
  Time since last request: 23.452914 seconds.
  path: Assets/Prefabs/Tile/Rail/RailTile.prefab
  artifactKey: Guid(dc05f582e9a99f347820793f00b0a4ec) Importer(815301076,1909f56bfc062723c751e8b465ee728b)
Start importing Assets/Prefabs/Tile/Rail/RailTile.prefab using Guid(dc05f582e9a99f347820793f00b0a4ec) Importer(815301076,1909f56bfc062723c751e8b465ee728b)  -> (artifact id: '9b797faeb6cf7d023cbc4ae7f958d450') in 0.119195 seconds 
========================================================================
Received Prepare
Registering precompiled user dll's ...
Registered in 0.026206 seconds.
Begin MonoManager ReloadAssembly
Symbol file LoadedFromMemory doesn't match image C:\MetaverseProgramming_LJH\2022_Unity_Crossy_Road_Copy\Crossy_Road_Copy\Library\PackageCache\com.unity.visualscripting@1.7.8\Editor\VisualScripting.Core\Dependencies\YamlDotNet\Unity.VisualScripting.YamlDotNet.dll
Symbol file LoadedFromMemory doesn't match image C:\MetaverseProgramming_LJH\2022_Unity_Crossy_Road_Copy\Crossy_Road_Copy\Library\PackageCache\com.unity.visualscripting@1.7.8\Editor\VisualScripting.Core\Dependencies\DotNetZip\Unity.VisualScripting.IonicZip.dll
Native extension for UWP target not found
Native extension for WindowsStandalone target not found
Native extension for Android target not found
Refreshing native plugins compatible for Editor in 0.84 ms, found 3 plugins.
Preloading 0 native plugins for Editor in 0.00 ms.
Mono: successfully reloaded assembly
- Completed reload, in  2.254 seconds
Domain Reload Profiling:
	ReloadAssembly (2255ms)
		BeginReloadAssembly (434ms)
			ExecutionOrderSort (0ms)
			DisableScriptedObjects (9ms)
			BackupInstance (0ms)
			ReleaseScriptingObjects (0ms)
			CreateAndSetChildDomain (61ms)
		EndReloadAssembly (1557ms)
			LoadAssemblies (410ms)
			RebuildTransferFunctionScriptingTraits (0ms)
			SetupTypeCache (489ms)
			ReleaseScriptCaches (3ms)
			RebuildScriptCaches (79ms)
			SetupLoadedEditorAssemblies (645ms)
				LogAssemblyErrors (0ms)
				InitializePlatformSupportModulesInManaged (74ms)
				SetLoadedEditorAssemblies (1ms)
				RefreshPlugins (1ms)
				BeforeProcessingInitializeOnLoad (186ms)
				ProcessInitializeOnLoadAttributes (297ms)
				ProcessInitializeOnLoadMethodAttributes (47ms)
				AfterProcessingInitializeOnLoad (39ms)
				EditorAssembliesLoaded (0ms)
			ExecutionOrderSort2 (0ms)
			AwakeInstancesAfterBackupRestoration (29ms)
Platform modules already initialized, skipping
Refreshing native plugins compatible for Editor in 4.65 ms, found 3 plugins.
Preloading 0 native plugins for Editor in 0.00 ms.
Unloading 3577 Unused Serialized files (Serialized files now loaded: 0)
Unloading 22 unused Assets / (149.3 KB). Loaded Objects now: 4093.
Memory consumption went from 131.2 MB to 131.1 MB.
Total: 4.021900 ms (FindLiveObjects: 0.339200 ms CreateObjectMapping: 0.291600 ms MarkObjects: 3.269900 ms  DeleteObjects: 0.119900 ms)

AssetImportParameters requested are different than current active one (requested -> active):
  custom:video-decoder-ogg-theora: a1e56fd34408186e4bbccfd4996cb3dc -> 
  custom:container-muxer-webm: aa71ff27fc2769a1b78a27578f13a17b -> 
  custom:container-demuxer-webm: 4f35f7cbe854078d1ac9338744f61a02 -> 
  custom:video-encoder-webm-vp8: eb34c28f22e8b96e1ab97ce403110664 -> 
  custom:audio-encoder-webm-vorbis: bf7c407c2cedff20999df2af8eb42d56 -> 
  custom:framework-win-MediaFoundation: 216162199b28c13a410421893ffa2e32 -> 
  custom:container-demuxer-ogg: 62fdf1f143b41e24485cea50d1cbac27 -> 
  custom:video-decoder-webm-vp8: 9c59270c3fd7afecdb556c50c9e8de78 -> 
  custom:audio-decoder-ogg-vorbis: bf7c407c2cedff20999df2af8eb42d56 -> 
========================================================================
Received Import Request.
  Time since last request: 69.950555 seconds.
  path: Assets/Prefabs/Tile/River/Log/Log_0.prefab
  artifactKey: Guid(ec60f80a1828d7d46bc4df9c6abff6dd) Importer(815301076,1909f56bfc062723c751e8b465ee728b)
Start importing Assets/Prefabs/Tile/River/Log/Log_0.prefab using Guid(ec60f80a1828d7d46bc4df9c6abff6dd) Importer(815301076,1909f56bfc062723c751e8b465ee728b)  -> (artifact id: '17019b431cce49b88a699fef2aebba6c') in 0.098621 seconds 
========================================================================
Received Import Request.
  Time since last request: 1.828135 seconds.
  path: Assets/Prefabs/Tile/River/Log/Log_2.prefab
  artifactKey: Guid(fa519ac1487646244aff58e8307754f0) Importer(815301076,1909f56bfc062723c751e8b465ee728b)
Start importing Assets/Prefabs/Tile/River/Log/Log_2.prefab using Guid(fa519ac1487646244aff58e8307754f0) Importer(815301076,1909f56bfc062723c751e8b465ee728b)  -> (artifact id: '5ff608fe37475177d5db4f2980caf6f7') in 0.042892 seconds 
========================================================================
Received Import Request.
  Time since last request: 2.723454 seconds.
  path: Assets/Prefabs/Tile/Road/RoadTile.prefab
  artifactKey: Guid(1704fd086eadc8b4a81380cfe30ba9ac) Importer(815301076,1909f56bfc062723c751e8b465ee728b)
Start importing Assets/Prefabs/Tile/Road/RoadTile.prefab using Guid(1704fd086eadc8b4a81380cfe30ba9ac) Importer(815301076,1909f56bfc062723c751e8b465ee728b)  -> (artifact id: '380c25a6f7b9f62ac7079e977dd6c6fb') in 0.040904 seconds 
========================================================================
Received Import Request.
  Time since last request: 13.078749 seconds.
  path: Assets/External Assets/Alstra Infinite/Vehicles LowPoly
  artifactKey: Guid(0ab6497f36d879948b78521d02fb4c83) Importer(815301076,1909f56bfc062723c751e8b465ee728b)
Start importing Assets/External Assets/Alstra Infinite/Vehicles LowPoly using Guid(0ab6497f36d879948b78521d02fb4c83) Importer(815301076,1909f56bfc062723c751e8b465ee728b)  -> (artifact id: '40b495d2822adcb8a1c6fb71f437e2ce') in 0.008368 seconds 
========================================================================
Received Import Request.
  Time since last request: 1.934536 seconds.
  path: Assets/External Assets/Alstra Infinite/Vehicles LowPoly/Prefabs
  artifactKey: Guid(4091423c30484ad48b1e8c706ecb0ed5) Importer(815301076,1909f56bfc062723c751e8b465ee728b)
Start importing Assets/External Assets/Alstra Infinite/Vehicles LowPoly/Prefabs using Guid(4091423c30484ad48b1e8c706ecb0ed5) Importer(815301076,1909f56bfc062723c751e8b465ee728b)  -> (artifact id: '8d296085092d2569f79580170d7b8edb') in 0.007330 seconds 
========================================================================
Received Import Request.
  Time since last request: 0.075258 seconds.
  path: Assets/External Assets/Alstra Infinite/Vehicles LowPoly/Prefabs/Ambulance-Truck.prefab
  artifactKey: Guid(e778a23bbe795fc42827494e5d635524) Importer(815301076,1909f56bfc062723c751e8b465ee728b)
Start importing Assets/External Assets/Alstra Infinite/Vehicles LowPoly/Prefabs/Ambulance-Truck.prefab using Guid(e778a23bbe795fc42827494e5d635524) Importer(815301076,1909f56bfc062723c751e8b465ee728b)  -> (artifact id: '67e48758078ce2ae5fee7c5ad543ea83') in 0.039081 seconds 
========================================================================
Received Import Request.
  Time since last request: 0.000024 seconds.
  path: Assets/External Assets/Alstra Infinite/Vehicles LowPoly/Prefabs/IceCream-Truck.prefab
  artifactKey: Guid(67071bebbe68fc545a3b606c434aa77f) Importer(815301076,1909f56bfc062723c751e8b465ee728b)
Start importing Assets/External Assets/Alstra Infinite/Vehicles LowPoly/Prefabs/IceCream-Truck.prefab using Guid(67071bebbe68fc545a3b606c434aa77f) Importer(815301076,1909f56bfc062723c751e8b465ee728b)  -> (artifact id: 'bb28eb728b8cad4c4449cc1cadd94482') in 0.029112 seconds 
========================================================================
Received Import Request.
  Time since last request: 1.130493 seconds.
  path: Assets/External Assets/Alstra Infinite/Vehicles LowPoly/Prefabs/MuscleCarV2.prefab
  artifactKey: Guid(5fe0d2816183fb447b860ad12e13398c) Importer(815301076,1909f56bfc062723c751e8b465ee728b)
Start importing Assets/External Assets/Alstra Infinite/Vehicles LowPoly/Prefabs/MuscleCarV2.prefab using Guid(5fe0d2816183fb447b860ad12e13398c) Importer(815301076,1909f56bfc062723c751e8b465ee728b)  -> (artifact id: 'a392ce7aeeec95e3804320c83f72c4b7') in 0.020211 seconds 
========================================================================
Received Import Request.
  Time since last request: 1.801820 seconds.
  path: Assets/External Assets/Alstra Infinite/Vehicles LowPoly/Prefabs/MuscleCarV3.prefab
  artifactKey: Guid(b49c6f450a89f8642944078a1f09d4d4) Importer(815301076,1909f56bfc062723c751e8b465ee728b)
Start importing Assets/External Assets/Alstra Infinite/Vehicles LowPoly/Prefabs/MuscleCarV3.prefab using Guid(b49c6f450a89f8642944078a1f09d4d4) Importer(815301076,1909f56bfc062723c751e8b465ee728b)  -> (artifact id: '20c2d9944be8eed45ce41c2fc2132b0c') in 0.042991 seconds 
========================================================================
Received Import Request.
  Time since last request: 2.317136 seconds.
  path: Assets/External Assets/Alstra Infinite/Vehicles LowPoly/Prefabs/Post-Truck.prefab
  artifactKey: Guid(ef80b440aca48474a9409086221c86b4) Importer(815301076,1909f56bfc062723c751e8b465ee728b)
Start importing Assets/External Assets/Alstra Infinite/Vehicles LowPoly/Prefabs/Post-Truck.prefab using Guid(ef80b440aca48474a9409086221c86b4) Importer(815301076,1909f56bfc062723c751e8b465ee728b)  -> (artifact id: 'b3d4e6f7014b6402fbe121b4f2e16c4e') in 0.038359 seconds 
========================================================================
Received Import Request.
  Time since last request: 0.322167 seconds.
  path: Assets/External Assets/Alstra Infinite/Vehicles LowPoly/Prefabs/SwiftoV1.prefab
  artifactKey: Guid(3c6ccf348d6edb741a7822251661b5cb) Importer(815301076,1909f56bfc062723c751e8b465ee728b)
Start importing Assets/External Assets/Alstra Infinite/Vehicles LowPoly/Prefabs/SwiftoV1.prefab using Guid(3c6ccf348d6edb741a7822251661b5cb) Importer(815301076,1909f56bfc062723c751e8b465ee728b)  -> (artifact id: '8f8cdf2ffeb5a1a933687967bf47a8d0') in 0.045986 seconds 
========================================================================
Received Import Request.
  Time since last request: 0.250310 seconds.
  path: Assets/External Assets/Alstra Infinite/Vehicles LowPoly/Prefabs/SwiftoV2.prefab
  artifactKey: Guid(335ee073701a58041baa1c161dc6b1a4) Importer(815301076,1909f56bfc062723c751e8b465ee728b)
Start importing Assets/External Assets/Alstra Infinite/Vehicles LowPoly/Prefabs/SwiftoV2.prefab using Guid(335ee073701a58041baa1c161dc6b1a4) Importer(815301076,1909f56bfc062723c751e8b465ee728b)  -> (artifact id: '6ca0251636e50709ae48c01b21160007') in 0.036757 seconds 
========================================================================
Received Import Request.
  Time since last request: 22.636101 seconds.
  path: Assets/Prefabs/Tile/Road/SwiftoV1.prefab
  artifactKey: Guid(ce340207dfaaa0e4da8664fd82e6806c) Importer(815301076,1909f56bfc062723c751e8b465ee728b)
Start importing Assets/Prefabs/Tile/Road/SwiftoV1.prefab using Guid(ce340207dfaaa0e4da8664fd82e6806c) Importer(815301076,1909f56bfc062723c751e8b465ee728b)  -> (artifact id: '244229c1e78bf1ce52007b77e2a9a3ee') in 0.028398 seconds 
========================================================================
Received Import Request.
  Time since last request: 28.500052 seconds.
  path: Assets/Prefabs/Tile/Road/Vehicle_0.prefab
  artifactKey: Guid(ce340207dfaaa0e4da8664fd82e6806c) Importer(815301076,1909f56bfc062723c751e8b465ee728b)
Start importing Assets/Prefabs/Tile/Road/Vehicle_0.prefab using Guid(ce340207dfaaa0e4da8664fd82e6806c) Importer(815301076,1909f56bfc062723c751e8b465ee728b)  -> (artifact id: '568ebe9cab386379fc18f327ab6be765') in 0.023175 seconds 
========================================================================
Received Import Request.
  Time since last request: 31.950107 seconds.
  path: Assets/Prefabs/Tile/Road/Vehicle_0.prefab
  artifactKey: Guid(ce340207dfaaa0e4da8664fd82e6806c) Importer(815301076,1909f56bfc062723c751e8b465ee728b)
Start importing Assets/Prefabs/Tile/Road/Vehicle_0.prefab using Guid(ce340207dfaaa0e4da8664fd82e6806c) Importer(815301076,1909f56bfc062723c751e8b465ee728b)  -> (artifact id: '7c7985e31eab10496d917cfc30eb761c') in 0.027350 seconds 
========================================================================
Received Import Request.
  Time since last request: 98.630293 seconds.
  path: Assets/Prefabs/Tile/Road/Vehicle_0.prefab
  artifactKey: Guid(ce340207dfaaa0e4da8664fd82e6806c) Importer(815301076,1909f56bfc062723c751e8b465ee728b)
Start importing Assets/Prefabs/Tile/Road/Vehicle_0.prefab using Guid(ce340207dfaaa0e4da8664fd82e6806c) Importer(815301076,1909f56bfc062723c751e8b465ee728b)  -> (artifact id: 'c88add2484ab0c8b49b17004a5f36701') in 0.025952 seconds 
========================================================================
Received Prepare
Registering precompiled user dll's ...
Registered in 0.025971 seconds.
Begin MonoManager ReloadAssembly
Symbol file LoadedFromMemory doesn't match image C:\MetaverseProgramming_LJH\2022_Unity_Crossy_Road_Copy\Crossy_Road_Copy\Library\PackageCache\com.unity.visualscripting@1.7.8\Editor\VisualScripting.Core\Dependencies\YamlDotNet\Unity.VisualScripting.YamlDotNet.dll
Symbol file LoadedFromMemory doesn't match image C:\MetaverseProgramming_LJH\2022_Unity_Crossy_Road_Copy\Crossy_Road_Copy\Library\PackageCache\com.unity.visualscripting@1.7.8\Editor\VisualScripting.Core\Dependencies\DotNetZip\Unity.VisualScripting.IonicZip.dll
Native extension for UWP target not found
Native extension for WindowsStandalone target not found
Native extension for Android target not found
Refreshing native plugins compatible for Editor in 0.79 ms, found 3 plugins.
Preloading 0 native plugins for Editor in 0.00 ms.
Mono: successfully reloaded assembly
- Completed reload, in  2.242 seconds
Domain Reload Profiling:
	ReloadAssembly (2243ms)
		BeginReloadAssembly (386ms)
			ExecutionOrderSort (0ms)
			DisableScriptedObjects (7ms)
			BackupInstance (0ms)
			ReleaseScriptingObjects (0ms)
			CreateAndSetChildDomain (63ms)
		EndReloadAssembly (1554ms)
			LoadAssemblies (379ms)
			RebuildTransferFunctionScriptingTraits (0ms)
			SetupTypeCache (472ms)
			ReleaseScriptCaches (3ms)
			RebuildScriptCaches (80ms)
			SetupLoadedEditorAssemblies (653ms)
				LogAssemblyErrors (0ms)
				InitializePlatformSupportModulesInManaged (63ms)
				SetLoadedEditorAssemblies (1ms)
				RefreshPlugins (1ms)
				BeforeProcessingInitializeOnLoad (201ms)
				ProcessInitializeOnLoadAttributes (292ms)
				ProcessInitializeOnLoadMethodAttributes (57ms)
				AfterProcessingInitializeOnLoad (38ms)
				EditorAssembliesLoaded (0ms)
			ExecutionOrderSort2 (0ms)
			AwakeInstancesAfterBackupRestoration (28ms)
Platform modules already initialized, skipping
Refreshing native plugins compatible for Editor in 6.14 ms, found 3 plugins.
Preloading 0 native plugins for Editor in 0.00 ms.
Unloading 3577 Unused Serialized files (Serialized files now loaded: 0)
Unloading 22 unused Assets / (149.3 KB). Loaded Objects now: 4108.
Memory consumption went from 131.2 MB to 131.1 MB.
Total: 4.100300 ms (FindLiveObjects: 0.374900 ms CreateObjectMapping: 0.191400 ms MarkObjects: 3.411900 ms  DeleteObjects: 0.120700 ms)

AssetImportParameters requested are different than current active one (requested -> active):
  custom:video-decoder-ogg-theora: a1e56fd34408186e4bbccfd4996cb3dc -> 
  custom:container-muxer-webm: aa71ff27fc2769a1b78a27578f13a17b -> 
  custom:container-demuxer-webm: 4f35f7cbe854078d1ac9338744f61a02 -> 
  custom:video-encoder-webm-vp8: eb34c28f22e8b96e1ab97ce403110664 -> 
  custom:audio-encoder-webm-vorbis: bf7c407c2cedff20999df2af8eb42d56 -> 
  custom:framework-win-MediaFoundation: 216162199b28c13a410421893ffa2e32 -> 
  custom:container-demuxer-ogg: 62fdf1f143b41e24485cea50d1cbac27 -> 
  custom:video-decoder-webm-vp8: 9c59270c3fd7afecdb556c50c9e8de78 -> 
  custom:audio-decoder-ogg-vorbis: bf7c407c2cedff20999df2af8eb42d56 -> 
========================================================================
Received Prepare
Registering precompiled user dll's ...
Registered in 0.026875 seconds.
Begin MonoManager ReloadAssembly
Symbol file LoadedFromMemory doesn't match image C:\MetaverseProgramming_LJH\2022_Unity_Crossy_Road_Copy\Crossy_Road_Copy\Library\PackageCache\com.unity.visualscripting@1.7.8\Editor\VisualScripting.Core\Dependencies\YamlDotNet\Unity.VisualScripting.YamlDotNet.dll
Symbol file LoadedFromMemory doesn't match image C:\MetaverseProgramming_LJH\2022_Unity_Crossy_Road_Copy\Crossy_Road_Copy\Library\PackageCache\com.unity.visualscripting@1.7.8\Editor\VisualScripting.Core\Dependencies\DotNetZip\Unity.VisualScripting.IonicZip.dll
Native extension for UWP target not found
Native extension for WindowsStandalone target not found
Native extension for Android target not found
Refreshing native plugins compatible for Editor in 0.76 ms, found 3 plugins.
Preloading 0 native plugins for Editor in 0.00 ms.
Mono: successfully reloaded assembly
- Completed reload, in  2.418 seconds
Domain Reload Profiling:
	ReloadAssembly (2419ms)
		BeginReloadAssembly (410ms)
			ExecutionOrderSort (0ms)
			DisableScriptedObjects (10ms)
			BackupInstance (0ms)
			ReleaseScriptingObjects (1ms)
			CreateAndSetChildDomain (60ms)
		EndReloadAssembly (1710ms)
			LoadAssemblies (388ms)
			RebuildTransferFunctionScriptingTraits (0ms)
			SetupTypeCache (524ms)
			ReleaseScriptCaches (4ms)
			RebuildScriptCaches (70ms)
			SetupLoadedEditorAssemblies (766ms)
				LogAssemblyErrors (0ms)
				InitializePlatformSupportModulesInManaged (48ms)
				SetLoadedEditorAssemblies (1ms)
				RefreshPlugins (1ms)
				BeforeProcessingInitializeOnLoad (177ms)
				ProcessInitializeOnLoadAttributes (413ms)
				ProcessInitializeOnLoadMethodAttributes (87ms)
				AfterProcessingInitializeOnLoad (39ms)
				EditorAssembliesLoaded (0ms)
			ExecutionOrderSort2 (0ms)
			AwakeInstancesAfterBackupRestoration (28ms)
Platform modules already initialized, skipping
Refreshing native plugins compatible for Editor in 4.82 ms, found 3 plugins.
Preloading 0 native plugins for Editor in 0.00 ms.
Unloading 3577 Unused Serialized files (Serialized files now loaded: 0)
Unloading 22 unused Assets / (149.4 KB). Loaded Objects now: 4123.
Memory consumption went from 131.3 MB to 131.1 MB.
Total: 3.942100 ms (FindLiveObjects: 0.340600 ms CreateObjectMapping: 0.294300 ms MarkObjects: 3.181600 ms  DeleteObjects: 0.124000 ms)

AssetImportParameters requested are different than current active one (requested -> active):
  custom:video-decoder-ogg-theora: a1e56fd34408186e4bbccfd4996cb3dc -> 
  custom:container-muxer-webm: aa71ff27fc2769a1b78a27578f13a17b -> 
  custom:container-demuxer-webm: 4f35f7cbe854078d1ac9338744f61a02 -> 
  custom:video-encoder-webm-vp8: eb34c28f22e8b96e1ab97ce403110664 -> 
  custom:audio-encoder-webm-vorbis: bf7c407c2cedff20999df2af8eb42d56 -> 
  custom:framework-win-MediaFoundation: 216162199b28c13a410421893ffa2e32 -> 
  custom:container-demuxer-ogg: 62fdf1f143b41e24485cea50d1cbac27 -> 
  custom:video-decoder-webm-vp8: 9c59270c3fd7afecdb556c50c9e8de78 -> 
  custom:audio-decoder-ogg-vorbis: bf7c407c2cedff20999df2af8eb42d56 -> 
========================================================================
Received Import Request.
  Time since last request: 53.989662 seconds.
  path: Assets/Prefabs/Tile/Road/RoadTile.prefab
  artifactKey: Guid(1704fd086eadc8b4a81380cfe30ba9ac) Importer(815301076,1909f56bfc062723c751e8b465ee728b)
Start importing Assets/Prefabs/Tile/Road/RoadTile.prefab using Guid(1704fd086eadc8b4a81380cfe30ba9ac) Importer(815301076,1909f56bfc062723c751e8b465ee728b)  -> (artifact id: '97573be70b02c928e1db497a354d8ef6') in 0.156603 seconds 
========================================================================
Received Prepare
Registering precompiled user dll's ...
Registered in 0.028944 seconds.
Begin MonoManager ReloadAssembly
Symbol file LoadedFromMemory doesn't match image C:\MetaverseProgramming_LJH\2022_Unity_Crossy_Road_Copy\Crossy_Road_Copy\Library\PackageCache\com.unity.visualscripting@1.7.8\Editor\VisualScripting.Core\Dependencies\YamlDotNet\Unity.VisualScripting.YamlDotNet.dll
Symbol file LoadedFromMemory doesn't match image C:\MetaverseProgramming_LJH\2022_Unity_Crossy_Road_Copy\Crossy_Road_Copy\Library\PackageCache\com.unity.visualscripting@1.7.8\Editor\VisualScripting.Core\Dependencies\DotNetZip\Unity.VisualScripting.IonicZip.dll
Native extension for UWP target not found
Native extension for WindowsStandalone target not found
Native extension for Android target not found
Refreshing native plugins compatible for Editor in 0.77 ms, found 3 plugins.
Preloading 0 native plugins for Editor in 0.00 ms.
Mono: successfully reloaded assembly
- Completed reload, in  2.293 seconds
Domain Reload Profiling:
	ReloadAssembly (2295ms)
		BeginReloadAssembly (341ms)
			ExecutionOrderSort (0ms)
			DisableScriptedObjects (7ms)
			BackupInstance (0ms)
			ReleaseScriptingObjects (0ms)
			CreateAndSetChildDomain (61ms)
		EndReloadAssembly (1639ms)
			LoadAssemblies (325ms)
			RebuildTransferFunctionScriptingTraits (0ms)
			SetupTypeCache (539ms)
			ReleaseScriptCaches (2ms)
			RebuildScriptCaches (79ms)
			SetupLoadedEditorAssemblies (693ms)
				LogAssemblyErrors (0ms)
				InitializePlatformSupportModulesInManaged (74ms)
				SetLoadedEditorAssemblies (1ms)
				RefreshPlugins (1ms)
				BeforeProcessingInitializeOnLoad (195ms)
				ProcessInitializeOnLoadAttributes (346ms)
				ProcessInitializeOnLoadMethodAttributes (37ms)
				AfterProcessingInitializeOnLoad (38ms)
				EditorAssembliesLoaded (0ms)
			ExecutionOrderSort2 (0ms)
			AwakeInstancesAfterBackupRestoration (29ms)
Platform modules already initialized, skipping
Refreshing native plugins compatible for Editor in 5.18 ms, found 3 plugins.
Preloading 0 native plugins for Editor in 0.00 ms.
Unloading 3577 Unused Serialized files (Serialized files now loaded: 0)
Unloading 22 unused Assets / (149.3 KB). Loaded Objects now: 4138.
Memory consumption went from 131.3 MB to 131.2 MB.
Total: 3.554100 ms (FindLiveObjects: 0.328300 ms CreateObjectMapping: 0.131900 ms MarkObjects: 2.963700 ms  DeleteObjects: 0.128900 ms)

AssetImportParameters requested are different than current active one (requested -> active):
  custom:video-decoder-ogg-theora: a1e56fd34408186e4bbccfd4996cb3dc -> 
  custom:container-muxer-webm: aa71ff27fc2769a1b78a27578f13a17b -> 
  custom:container-demuxer-webm: 4f35f7cbe854078d1ac9338744f61a02 -> 
  custom:video-encoder-webm-vp8: eb34c28f22e8b96e1ab97ce403110664 -> 
  custom:audio-encoder-webm-vorbis: bf7c407c2cedff20999df2af8eb42d56 -> 
  custom:framework-win-MediaFoundation: 216162199b28c13a410421893ffa2e32 -> 
  custom:container-demuxer-ogg: 62fdf1f143b41e24485cea50d1cbac27 -> 
  custom:video-decoder-webm-vp8: 9c59270c3fd7afecdb556c50c9e8de78 -> 
  custom:audio-decoder-ogg-vorbis: bf7c407c2cedff20999df2af8eb42d56 -> 
========================================================================
Received Import Request.
  Time since last request: 57.455638 seconds.
  path: Assets/Prefabs/Tile/Road/Vehicle_0.prefab
  artifactKey: Guid(ce340207dfaaa0e4da8664fd82e6806c) Importer(815301076,1909f56bfc062723c751e8b465ee728b)
Start importing Assets/Prefabs/Tile/Road/Vehicle_0.prefab using Guid(ce340207dfaaa0e4da8664fd82e6806c) Importer(815301076,1909f56bfc062723c751e8b465ee728b)  -> (artifact id: '6edf5b851c702def46cb3d0ac9a96dd1') in 0.100141 seconds 
========================================================================
Received Prepare
Registering precompiled user dll's ...
Registered in 0.028657 seconds.
Begin MonoManager ReloadAssembly
Symbol file LoadedFromMemory doesn't match image C:\MetaverseProgramming_LJH\2022_Unity_Crossy_Road_Copy\Crossy_Road_Copy\Library\PackageCache\com.unity.visualscripting@1.7.8\Editor\VisualScripting.Core\Dependencies\YamlDotNet\Unity.VisualScripting.YamlDotNet.dll
Symbol file LoadedFromMemory doesn't match image C:\MetaverseProgramming_LJH\2022_Unity_Crossy_Road_Copy\Crossy_Road_Copy\Library\PackageCache\com.unity.visualscripting@1.7.8\Editor\VisualScripting.Core\Dependencies\DotNetZip\Unity.VisualScripting.IonicZip.dll
Native extension for UWP target not found
Native extension for WindowsStandalone target not found
Native extension for Android target not found
Refreshing native plugins compatible for Editor in 1.00 ms, found 3 plugins.
Preloading 0 native plugins for Editor in 0.00 ms.
Mono: successfully reloaded assembly
- Completed reload, in  2.367 seconds
Domain Reload Profiling:
	ReloadAssembly (2368ms)
		BeginReloadAssembly (396ms)
			ExecutionOrderSort (0ms)
			DisableScriptedObjects (8ms)
			BackupInstance (0ms)
			ReleaseScriptingObjects (0ms)
			CreateAndSetChildDomain (60ms)
		EndReloadAssembly (1670ms)
			LoadAssemblies (377ms)
			RebuildTransferFunctionScriptingTraits (0ms)
			SetupTypeCache (514ms)
			ReleaseScriptCaches (2ms)
			RebuildScriptCaches (99ms)
			SetupLoadedEditorAssemblies (695ms)
				LogAssemblyErrors (0ms)
				InitializePlatformSupportModulesInManaged (65ms)
				SetLoadedEditorAssemblies (1ms)
				RefreshPlugins (1ms)
				BeforeProcessingInitializeOnLoad (189ms)
				ProcessInitializeOnLoadAttributes (327ms)
				ProcessInitializeOnLoadMethodAttributes (57ms)
				AfterProcessingInitializeOnLoad (54ms)
				EditorAssembliesLoaded (0ms)
			ExecutionOrderSort2 (0ms)
			AwakeInstancesAfterBackupRestoration (34ms)
Platform modules already initialized, skipping
Refreshing native plugins compatible for Editor in 7.12 ms, found 3 plugins.
Preloading 0 native plugins for Editor in 0.00 ms.
Unloading 3577 Unused Serialized files (Serialized files now loaded: 0)
Unloading 22 unused Assets / (149.3 KB). Loaded Objects now: 4153.
Memory consumption went from 131.3 MB to 131.2 MB.
Total: 4.818200 ms (FindLiveObjects: 0.376700 ms CreateObjectMapping: 0.473900 ms MarkObjects: 3.821100 ms  DeleteObjects: 0.144600 ms)

AssetImportParameters requested are different than current active one (requested -> active):
  custom:video-decoder-ogg-theora: a1e56fd34408186e4bbccfd4996cb3dc -> 
  custom:container-muxer-webm: aa71ff27fc2769a1b78a27578f13a17b -> 
  custom:container-demuxer-webm: 4f35f7cbe854078d1ac9338744f61a02 -> 
  custom:video-encoder-webm-vp8: eb34c28f22e8b96e1ab97ce403110664 -> 
  custom:audio-encoder-webm-vorbis: bf7c407c2cedff20999df2af8eb42d56 -> 
  custom:framework-win-MediaFoundation: 216162199b28c13a410421893ffa2e32 -> 
  custom:container-demuxer-ogg: 62fdf1f143b41e24485cea50d1cbac27 -> 
  custom:video-decoder-webm-vp8: 9c59270c3fd7afecdb556c50c9e8de78 -> 
  custom:audio-decoder-ogg-vorbis: bf7c407c2cedff20999df2af8eb42d56 -> 
========================================================================
Received Import Request.
  Time since last request: 26.174413 seconds.
  path: Assets/Prefabs/Tile/Road/Vehicle_0.prefab
  artifactKey: Guid(ce340207dfaaa0e4da8664fd82e6806c) Importer(815301076,1909f56bfc062723c751e8b465ee728b)
Start importing Assets/Prefabs/Tile/Road/Vehicle_0.prefab using Guid(ce340207dfaaa0e4da8664fd82e6806c) Importer(815301076,1909f56bfc062723c751e8b465ee728b)  -> (artifact id: '17143c3c44ed01a22fae89c9f878667e') in 0.108572 seconds 
========================================================================
Received Prepare
Registering precompiled user dll's ...
Registered in 0.026812 seconds.
Begin MonoManager ReloadAssembly
Symbol file LoadedFromMemory doesn't match image C:\MetaverseProgramming_LJH\2022_Unity_Crossy_Road_Copy\Crossy_Road_Copy\Library\PackageCache\com.unity.visualscripting@1.7.8\Editor\VisualScripting.Core\Dependencies\YamlDotNet\Unity.VisualScripting.YamlDotNet.dll
Symbol file LoadedFromMemory doesn't match image C:\MetaverseProgramming_LJH\2022_Unity_Crossy_Road_Copy\Crossy_Road_Copy\Library\PackageCache\com.unity.visualscripting@1.7.8\Editor\VisualScripting.Core\Dependencies\DotNetZip\Unity.VisualScripting.IonicZip.dll
Native extension for UWP target not found
Native extension for WindowsStandalone target not found
Native extension for Android target not found
Refreshing native plugins compatible for Editor in 0.74 ms, found 3 plugins.
Preloading 0 native plugins for Editor in 0.00 ms.
Mono: successfully reloaded assembly
- Completed reload, in  2.434 seconds
Domain Reload Profiling:
	ReloadAssembly (2435ms)
		BeginReloadAssembly (490ms)
			ExecutionOrderSort (0ms)
			DisableScriptedObjects (8ms)
			BackupInstance (0ms)
			ReleaseScriptingObjects (0ms)
			CreateAndSetChildDomain (60ms)
		EndReloadAssembly (1725ms)
			LoadAssemblies (469ms)
			RebuildTransferFunctionScriptingTraits (0ms)
			SetupTypeCache (477ms)
			ReleaseScriptCaches (2ms)
			RebuildScriptCaches (53ms)
			SetupLoadedEditorAssemblies (832ms)
				LogAssemblyErrors (0ms)
				InitializePlatformSupportModulesInManaged (68ms)
				SetLoadedEditorAssemblies (1ms)
				RefreshPlugins (1ms)
				BeforeProcessingInitializeOnLoad (201ms)
				ProcessInitializeOnLoadAttributes (447ms)
				ProcessInitializeOnLoadMethodAttributes (57ms)
				AfterProcessingInitializeOnLoad (56ms)
				EditorAssembliesLoaded (1ms)
			ExecutionOrderSort2 (0ms)
			AwakeInstancesAfterBackupRestoration (53ms)
Platform modules already initialized, skipping
Refreshing native plugins compatible for Editor in 5.25 ms, found 3 plugins.
Preloading 0 native plugins for Editor in 0.00 ms.
Unloading 3577 Unused Serialized files (Serialized files now loaded: 0)
Unloading 22 unused Assets / (149.2 KB). Loaded Objects now: 4168.
Memory consumption went from 131.4 MB to 131.2 MB.
Total: 3.778400 ms (FindLiveObjects: 0.330300 ms CreateObjectMapping: 0.275900 ms MarkObjects: 3.052400 ms  DeleteObjects: 0.118600 ms)

AssetImportParameters requested are different than current active one (requested -> active):
  custom:video-decoder-ogg-theora: a1e56fd34408186e4bbccfd4996cb3dc -> 
  custom:container-muxer-webm: aa71ff27fc2769a1b78a27578f13a17b -> 
  custom:container-demuxer-webm: 4f35f7cbe854078d1ac9338744f61a02 -> 
  custom:video-encoder-webm-vp8: eb34c28f22e8b96e1ab97ce403110664 -> 
  custom:audio-encoder-webm-vorbis: bf7c407c2cedff20999df2af8eb42d56 -> 
  custom:framework-win-MediaFoundation: 216162199b28c13a410421893ffa2e32 -> 
  custom:container-demuxer-ogg: 62fdf1f143b41e24485cea50d1cbac27 -> 
  custom:video-decoder-webm-vp8: 9c59270c3fd7afecdb556c50c9e8de78 -> 
  custom:audio-decoder-ogg-vorbis: bf7c407c2cedff20999df2af8eb42d56 -> 
========================================================================
Received Import Request.
  Time since last request: 58.946645 seconds.
  path: Assets/Prefabs/Tile/Road/RoadTile.prefab
  artifactKey: Guid(1704fd086eadc8b4a81380cfe30ba9ac) Importer(815301076,1909f56bfc062723c751e8b465ee728b)
Start importing Assets/Prefabs/Tile/Road/RoadTile.prefab using Guid(1704fd086eadc8b4a81380cfe30ba9ac) Importer(815301076,1909f56bfc062723c751e8b465ee728b)  -> (artifact id: '80715b9b320552e1803ece0eeda9947a') in 0.117303 seconds 
========================================================================
Received Import Request.
  Time since last request: 55.028378 seconds.
  path: Assets/Prefabs/Tile/Road/Vehicle_0.prefab
  artifactKey: Guid(ce340207dfaaa0e4da8664fd82e6806c) Importer(815301076,1909f56bfc062723c751e8b465ee728b)
Start importing Assets/Prefabs/Tile/Road/Vehicle_0.prefab using Guid(ce340207dfaaa0e4da8664fd82e6806c) Importer(815301076,1909f56bfc062723c751e8b465ee728b)  -> (artifact id: 'd53850893488990f78f6f72fa5403f48') in 0.027542 seconds 
========================================================================
Received Import Request.
  Time since last request: 144.569998 seconds.
  path: Assets/Prefabs/Tile/Road/Vehicle_0.prefab
  artifactKey: Guid(ce340207dfaaa0e4da8664fd82e6806c) Importer(815301076,1909f56bfc062723c751e8b465ee728b)
Start importing Assets/Prefabs/Tile/Road/Vehicle_0.prefab using Guid(ce340207dfaaa0e4da8664fd82e6806c) Importer(815301076,1909f56bfc062723c751e8b465ee728b)  -> (artifact id: '340b780843ab1e63e14bc1dcb6327ea5') in 0.028844 seconds 
========================================================================
Received Import Request.
  Time since last request: 6.460252 seconds.
  path: Assets/Prefabs/Tile/Road/Vehicle 0.prefab
  artifactKey: Guid(3fc39a18c69b32447bf15b8cf726f90e) Importer(815301076,1909f56bfc062723c751e8b465ee728b)
Start importing Assets/Prefabs/Tile/Road/Vehicle 0.prefab using Guid(3fc39a18c69b32447bf15b8cf726f90e) Importer(815301076,1909f56bfc062723c751e8b465ee728b)  -> (artifact id: '22a304fd1bf584d7bd9f3334bf681015') in 0.035119 seconds 
========================================================================
Received Import Request.
  Time since last request: 0.021302 seconds.
  path: Assets/Prefabs/Tile/Road/RoadTile.prefab
  artifactKey: Guid(1704fd086eadc8b4a81380cfe30ba9ac) Importer(815301076,1909f56bfc062723c751e8b465ee728b)
Start importing Assets/Prefabs/Tile/Road/RoadTile.prefab using Guid(1704fd086eadc8b4a81380cfe30ba9ac) Importer(815301076,1909f56bfc062723c751e8b465ee728b)  -> (artifact id: 'ca12907a3a508e4d58cc384da8b68507') in 0.036216 seconds 
========================================================================
Received Import Request.
  Time since last request: 27.344352 seconds.
  path: Assets/Prefabs/Tile/Road/MuscleCarV1.prefab
  artifactKey: Guid(753f514f64fbe9f48bc56827c2b0b211) Importer(815301076,1909f56bfc062723c751e8b465ee728b)
Start importing Assets/Prefabs/Tile/Road/MuscleCarV1.prefab using Guid(753f514f64fbe9f48bc56827c2b0b211) Importer(815301076,1909f56bfc062723c751e8b465ee728b)  -> (artifact id: 'b175ff7bb84bfd67deb41bbb606fe3f6') in 0.023444 seconds 
========================================================================
Received Import Request.
  Time since last request: 5.662491 seconds.
  path: Assets/Prefabs/Tile/Road/Vehicle_1.prefab
  artifactKey: Guid(753f514f64fbe9f48bc56827c2b0b211) Importer(815301076,1909f56bfc062723c751e8b465ee728b)
Start importing Assets/Prefabs/Tile/Road/Vehicle_1.prefab using Guid(753f514f64fbe9f48bc56827c2b0b211) Importer(815301076,1909f56bfc062723c751e8b465ee728b)  -> (artifact id: 'c77692d109e4b63684bd47a1003ec87e') in 0.029793 seconds 
========================================================================
Received Import Request.
  Time since last request: 138.942888 seconds.
  path: Assets/Prefabs/Tile/Road/Vehicle_1.prefab
  artifactKey: Guid(753f514f64fbe9f48bc56827c2b0b211) Importer(815301076,1909f56bfc062723c751e8b465ee728b)
Start importing Assets/Prefabs/Tile/Road/Vehicle_1.prefab using Guid(753f514f64fbe9f48bc56827c2b0b211) Importer(815301076,1909f56bfc062723c751e8b465ee728b)  -> (artifact id: 'b35a17705ab0f543cdc181ecd7641fcc') in 0.026431 seconds 
========================================================================
Received Import Request.
  Time since last request: 5.157059 seconds.
  path: Assets/Prefabs/Tile/Road/Vehicle 1.prefab
  artifactKey: Guid(48367f661a70ac24cb1ecadcc1c54125) Importer(815301076,1909f56bfc062723c751e8b465ee728b)
Start importing Assets/Prefabs/Tile/Road/Vehicle 1.prefab using Guid(48367f661a70ac24cb1ecadcc1c54125) Importer(815301076,1909f56bfc062723c751e8b465ee728b)  -> (artifact id: 'd8b6be5b8e61654019eeca607894dbfd') in 0.046326 seconds 
========================================================================
Received Import Request.
  Time since last request: 0.576006 seconds.
  path: Assets/Prefabs/Tile/Road/RoadTile.prefab
  artifactKey: Guid(1704fd086eadc8b4a81380cfe30ba9ac) Importer(815301076,1909f56bfc062723c751e8b465ee728b)
Start importing Assets/Prefabs/Tile/Road/RoadTile.prefab using Guid(1704fd086eadc8b4a81380cfe30ba9ac) Importer(815301076,1909f56bfc062723c751e8b465ee728b)  -> (artifact id: 'eba54bea3c1c40023c37ba8444f09f35') in 0.064740 seconds 
========================================================================
Received Import Request.
  Time since last request: 19.574084 seconds.
  path: Assets/External Assets/Alstra Infinite/Vehicles LowPoly/Prefabs/Version 1.1
  artifactKey: Guid(5d3c465e3b690fb4a978316c0687c717) Importer(815301076,1909f56bfc062723c751e8b465ee728b)
Start importing Assets/External Assets/Alstra Infinite/Vehicles LowPoly/Prefabs/Version 1.1 using Guid(5d3c465e3b690fb4a978316c0687c717) Importer(815301076,1909f56bfc062723c751e8b465ee728b)  -> (artifact id: '5bbdbb8a9d7cfdd44f643da44d49bc90') in 0.010581 seconds 
========================================================================
Received Import Request.
  Time since last request: 0.026777 seconds.
  path: Assets/External Assets/Alstra Infinite/Vehicles LowPoly/Prefabs/Version 1.1/Ambulance-Truck.prefab
  artifactKey: Guid(37c436dd7b866664e90d19669a51fdc0) Importer(815301076,1909f56bfc062723c751e8b465ee728b)
Start importing Assets/External Assets/Alstra Infinite/Vehicles LowPoly/Prefabs/Version 1.1/Ambulance-Truck.prefab using Guid(37c436dd7b866664e90d19669a51fdc0) Importer(815301076,1909f56bfc062723c751e8b465ee728b)  -> (artifact id: '7ad771bf1d92061714e8fc74ad9d94c5') in 0.024444 seconds 
========================================================================
Received Import Request.
  Time since last request: 0.000698 seconds.
  path: Assets/External Assets/Alstra Infinite/Vehicles LowPoly/Prefabs/Version 1.1/IceCream-Truck.prefab
  artifactKey: Guid(44cfb038444ccab46b1be84520896723) Importer(815301076,1909f56bfc062723c751e8b465ee728b)
Start importing Assets/External Assets/Alstra Infinite/Vehicles LowPoly/Prefabs/Version 1.1/IceCream-Truck.prefab using Guid(44cfb038444ccab46b1be84520896723) Importer(815301076,1909f56bfc062723c751e8b465ee728b)  -> (artifact id: '4c625f7ade9f68a8ff85141b142b15bc') in 0.044966 seconds 
========================================================================
Received Import Request.
  Time since last request: 0.000266 seconds.
  path: Assets/External Assets/Alstra Infinite/Vehicles LowPoly/Prefabs/Version 1.1/MinivanV1.prefab
  artifactKey: Guid(c8bdb63b6e1abbb44b66f46012db2421) Importer(815301076,1909f56bfc062723c751e8b465ee728b)
Start importing Assets/External Assets/Alstra Infinite/Vehicles LowPoly/Prefabs/Version 1.1/MinivanV1.prefab using Guid(c8bdb63b6e1abbb44b66f46012db2421) Importer(815301076,1909f56bfc062723c751e8b465ee728b)  -> (artifact id: '01d58e3d9714c60ae94c9595f0327e60') in 0.038512 seconds 
========================================================================
Received Import Request.
  Time since last request: 0.000027 seconds.
  path: Assets/External Assets/Alstra Infinite/Vehicles LowPoly/Prefabs/Version 1.1/MinivanV2.prefab
  artifactKey: Guid(2374bd9f1dd3c204a8edcf1c4a55f22b) Importer(815301076,1909f56bfc062723c751e8b465ee728b)
Start importing Assets/External Assets/Alstra Infinite/Vehicles LowPoly/Prefabs/Version 1.1/MinivanV2.prefab using Guid(2374bd9f1dd3c204a8edcf1c4a55f22b) Importer(815301076,1909f56bfc062723c751e8b465ee728b)  -> (artifact id: '3f2c3a273a7d9c4f96f3b2263cb416da') in 0.028935 seconds 
========================================================================
Received Import Request.
  Time since last request: 0.000381 seconds.
  path: Assets/External Assets/Alstra Infinite/Vehicles LowPoly/Prefabs/Version 1.1/MuscleCarV1.prefab
  artifactKey: Guid(ce4b4514e6a21384fb21dec6365d5812) Importer(815301076,1909f56bfc062723c751e8b465ee728b)
Start importing Assets/External Assets/Alstra Infinite/Vehicles LowPoly/Prefabs/Version 1.1/MuscleCarV1.prefab using Guid(ce4b4514e6a21384fb21dec6365d5812) Importer(815301076,1909f56bfc062723c751e8b465ee728b)  -> (artifact id: '7c03c95082e5cb512f44c38666473d98') in 0.068415 seconds 
========================================================================
Received Import Request.
  Time since last request: 0.929699 seconds.
  path: Assets/External Assets/Alstra Infinite/Vehicles LowPoly/Prefabs/Version 1.1/MuscleCarV2.prefab
  artifactKey: Guid(416f4470def63b149ab58618fda592cf) Importer(815301076,1909f56bfc062723c751e8b465ee728b)
Start importing Assets/External Assets/Alstra Infinite/Vehicles LowPoly/Prefabs/Version 1.1/MuscleCarV2.prefab using Guid(416f4470def63b149ab58618fda592cf) Importer(815301076,1909f56bfc062723c751e8b465ee728b)  -> (artifact id: 'a794c5b0cd9b756ca3be3250dc517e21') in 0.020992 seconds 
========================================================================
Received Import Request.
  Time since last request: 0.448508 seconds.
  path: Assets/External Assets/Alstra Infinite/Vehicles LowPoly/Prefabs/Version 1.1/MuscleCarV3.prefab
  artifactKey: Guid(a2ae1699499bc2a4d8ccc4859fe14ffa) Importer(815301076,1909f56bfc062723c751e8b465ee728b)
Start importing Assets/External Assets/Alstra Infinite/Vehicles LowPoly/Prefabs/Version 1.1/MuscleCarV3.prefab using Guid(a2ae1699499bc2a4d8ccc4859fe14ffa) Importer(815301076,1909f56bfc062723c751e8b465ee728b)  -> (artifact id: '2757994eb2e662c30086eadaf65d7340') in 0.021942 seconds 
========================================================================
Received Import Request.
  Time since last request: 0.014684 seconds.
  path: Assets/External Assets/Alstra Infinite/Vehicles LowPoly/Prefabs/Version 1.1/MuscleCarV4.prefab
  artifactKey: Guid(d1e9cd7841878ba4da8f592925f138dd) Importer(815301076,1909f56bfc062723c751e8b465ee728b)
Start importing Assets/External Assets/Alstra Infinite/Vehicles LowPoly/Prefabs/Version 1.1/MuscleCarV4.prefab using Guid(d1e9cd7841878ba4da8f592925f138dd) Importer(815301076,1909f56bfc062723c751e8b465ee728b)  -> (artifact id: '98e7eaaf976b30bb6364d888d7c48dd3') in 0.022543 seconds 
========================================================================
Received Import Request.
  Time since last request: 0.499853 seconds.
  path: Assets/External Assets/Alstra Infinite/Vehicles LowPoly/Prefabs/Version 1.1/PickupV1.prefab
  artifactKey: Guid(075830188e830aa48a04e027148bafe9) Importer(815301076,1909f56bfc062723c751e8b465ee728b)
Start importing Assets/External Assets/Alstra Infinite/Vehicles LowPoly/Prefabs/Version 1.1/PickupV1.prefab using Guid(075830188e830aa48a04e027148bafe9) Importer(815301076,1909f56bfc062723c751e8b465ee728b)  -> (artifact id: 'd9ef3a30f5b54ff5ddf1ddbb49b5ab84') in 0.022012 seconds 
========================================================================
Received Import Request.
  Time since last request: 0.013941 seconds.
  path: Assets/External Assets/Alstra Infinite/Vehicles LowPoly/Prefabs/Version 1.1/PickupV2.prefab
  artifactKey: Guid(4f13381abf38ac84e8d816732f52e915) Importer(815301076,1909f56bfc062723c751e8b465ee728b)
Start importing Assets/External Assets/Alstra Infinite/Vehicles LowPoly/Prefabs/Version 1.1/PickupV2.prefab using Guid(4f13381abf38ac84e8d816732f52e915) Importer(815301076,1909f56bfc062723c751e8b465ee728b)  -> (artifact id: '0499e48061bb75548fec132d1223c4f8') in 0.024280 seconds 
========================================================================
Received Import Request.
  Time since last request: 1.002159 seconds.
  path: Assets/External Assets/Alstra Infinite/Vehicles LowPoly/Prefabs/Version 1.1/Post-Truck.prefab
  artifactKey: Guid(7b92377a44f0d9243959d01a2687b36b) Importer(815301076,1909f56bfc062723c751e8b465ee728b)
Start importing Assets/External Assets/Alstra Infinite/Vehicles LowPoly/Prefabs/Version 1.1/Post-Truck.prefab using Guid(7b92377a44f0d9243959d01a2687b36b) Importer(815301076,1909f56bfc062723c751e8b465ee728b)  -> (artifact id: '06d37bc626daf3cf01ab2cd3f6695cf3') in 0.021476 seconds 
========================================================================
Received Import Request.
  Time since last request: 0.560404 seconds.
  path: Assets/External Assets/Alstra Infinite/Vehicles LowPoly/Prefabs/Version 1.1/SuvV1.prefab
  artifactKey: Guid(825aa5a53c5f967449d03cb21b435c53) Importer(815301076,1909f56bfc062723c751e8b465ee728b)
Start importing Assets/External Assets/Alstra Infinite/Vehicles LowPoly/Prefabs/Version 1.1/SuvV1.prefab using Guid(825aa5a53c5f967449d03cb21b435c53) Importer(815301076,1909f56bfc062723c751e8b465ee728b)  -> (artifact id: '60d14c9e7c14190b08acdde3ae9567b4') in 0.023154 seconds 
========================================================================
Received Import Request.
  Time since last request: 0.347016 seconds.
  path: Assets/External Assets/Alstra Infinite/Vehicles LowPoly/Prefabs/Version 1.1/SwiftoV1.prefab
  artifactKey: Guid(1ad581c9347dbad4ba135f27bfffcdd1) Importer(815301076,1909f56bfc062723c751e8b465ee728b)
Start importing Assets/External Assets/Alstra Infinite/Vehicles LowPoly/Prefabs/Version 1.1/SwiftoV1.prefab using Guid(1ad581c9347dbad4ba135f27bfffcdd1) Importer(815301076,1909f56bfc062723c751e8b465ee728b)  -> (artifact id: '4e04dc83e96f88106a02e443c4ef8617') in 0.020794 seconds 
========================================================================
Received Import Request.
  Time since last request: 0.017300 seconds.
  path: Assets/External Assets/Alstra Infinite/Vehicles LowPoly/Prefabs/Version 1.1/SwiftoV2.prefab
  artifactKey: Guid(fd82dfe3ac830874e8de29b73e27ca53) Importer(815301076,1909f56bfc062723c751e8b465ee728b)
Start importing Assets/External Assets/Alstra Infinite/Vehicles LowPoly/Prefabs/Version 1.1/SwiftoV2.prefab using Guid(fd82dfe3ac830874e8de29b73e27ca53) Importer(815301076,1909f56bfc062723c751e8b465ee728b)  -> (artifact id: '2fa08b8eb179e5589ea59045818db531') in 0.020459 seconds 
========================================================================
Received Import Request.
  Time since last request: 6.956311 seconds.
  path: Assets/External Assets/Alstra Infinite/Vehicles LowPoly/Prefabs/Version 1.2/PickupV2.prefab
  artifactKey: Guid(de166e0c7a54d9b4ead2786adb9fb669) Importer(815301076,1909f56bfc062723c751e8b465ee728b)
Start importing Assets/External Assets/Alstra Infinite/Vehicles LowPoly/Prefabs/Version 1.2/PickupV2.prefab using Guid(de166e0c7a54d9b4ead2786adb9fb669) Importer(815301076,1909f56bfc062723c751e8b465ee728b)  -> (artifact id: 'd78d991a0614a4c4cc020899958d5522') in 0.026724 seconds 
========================================================================
Received Import Request.
  Time since last request: 0.000031 seconds.
  path: Assets/External Assets/Alstra Infinite/Vehicles LowPoly/Prefabs/Version 1.2/SwiftoV1.prefab
  artifactKey: Guid(8914c02cb18a7954d92973847e81e177) Importer(815301076,1909f56bfc062723c751e8b465ee728b)
Start importing Assets/External Assets/Alstra Infinite/Vehicles LowPoly/Prefabs/Version 1.2/SwiftoV1.prefab using Guid(8914c02cb18a7954d92973847e81e177) Importer(815301076,1909f56bfc062723c751e8b465ee728b)  -> (artifact id: '123a1442586f2f08e9c9ec9892133f6f') in 0.032637 seconds 
========================================================================
Received Import Request.
  Time since last request: 1.156064 seconds.
  path: Assets/External Assets/Alstra Infinite/Vehicles LowPoly/Prefabs/Version 1.2/PickupV1.prefab
  artifactKey: Guid(096434f927497e743ab27f4332b6a2f5) Importer(815301076,1909f56bfc062723c751e8b465ee728b)
Start importing Assets/External Assets/Alstra Infinite/Vehicles LowPoly/Prefabs/Version 1.2/PickupV1.prefab using Guid(096434f927497e743ab27f4332b6a2f5) Importer(815301076,1909f56bfc062723c751e8b465ee728b)  -> (artifact id: 'ef2a8a8fbfd9150f70e9300369d1a2be') in 0.072641 seconds 
========================================================================
Received Import Request.
  Time since last request: 0.842928 seconds.
  path: Assets/External Assets/Alstra Infinite/Vehicles LowPoly/Prefabs/Version 1.2/MuscleCarV4.prefab
  artifactKey: Guid(5dd37a4048b313b4a9ed93b9104e820b) Importer(815301076,1909f56bfc062723c751e8b465ee728b)
Start importing Assets/External Assets/Alstra Infinite/Vehicles LowPoly/Prefabs/Version 1.2/MuscleCarV4.prefab using Guid(5dd37a4048b313b4a9ed93b9104e820b) Importer(815301076,1909f56bfc062723c751e8b465ee728b)  -> (artifact id: 'd9a43df756196f36e04d6b5202191fb8') in 0.042343 seconds 
========================================================================
Received Import Request.
  Time since last request: 13.293725 seconds.
  path: Assets/External Assets/Alstra Infinite/Vehicles LowPoly/Models/MuscleCarV4.fbx
  artifactKey: Guid(330758c92d218b544b9bf32c24ddb173) Importer(815301076,1909f56bfc062723c751e8b465ee728b)
Start importing Assets/External Assets/Alstra Infinite/Vehicles LowPoly/Models/MuscleCarV4.fbx using Guid(330758c92d218b544b9bf32c24ddb173) Importer(815301076,1909f56bfc062723c751e8b465ee728b)  -> (artifact id: '9cc7203dd20cee119c407541c47a566c') in 0.068199 seconds 
========================================================================
Received Import Request.
  Time since last request: 2.928661 seconds.
  path: Assets/External Assets/Alstra Infinite/Vehicles LowPoly/Models/MuscleCarV3.fbx
  artifactKey: Guid(08646bcb6ab0691419816561264e749d) Importer(815301076,1909f56bfc062723c751e8b465ee728b)
Start importing Assets/External Assets/Alstra Infinite/Vehicles LowPoly/Models/MuscleCarV3.fbx using Guid(08646bcb6ab0691419816561264e749d) Importer(815301076,1909f56bfc062723c751e8b465ee728b)  -> (artifact id: '2d6a337a01ca5922defbb03d581b91e4') in 0.062710 seconds 
========================================================================
Received Import Request.
  Time since last request: 0.259628 seconds.
  path: Assets/External Assets/Alstra Infinite/Vehicles LowPoly/Models/MuscleCarV1.fbx
  artifactKey: Guid(5f3b2ab4b40ba22458b06d9ed4110ae5) Importer(815301076,1909f56bfc062723c751e8b465ee728b)
Start importing Assets/External Assets/Alstra Infinite/Vehicles LowPoly/Models/MuscleCarV1.fbx using Guid(5f3b2ab4b40ba22458b06d9ed4110ae5) Importer(815301076,1909f56bfc062723c751e8b465ee728b)  -> (artifact id: '68c030c1e4af81a5b1701df47f6bb7be') in 0.058200 seconds 
========================================================================
Received Import Request.
  Time since last request: 0.028492 seconds.
  path: Assets/External Assets/Alstra Infinite/Vehicles LowPoly/Models/IceCream-Truck.fbx
  artifactKey: Guid(eafc7f334aca16745a4dd55164b81b29) Importer(815301076,1909f56bfc062723c751e8b465ee728b)
Start importing Assets/External Assets/Alstra Infinite/Vehicles LowPoly/Models/IceCream-Truck.fbx using Guid(eafc7f334aca16745a4dd55164b81b29) Importer(815301076,1909f56bfc062723c751e8b465ee728b)  -> (artifact id: '8a1627a4084344895d095b5e8f28435e') in 0.034082 seconds 
========================================================================
Received Import Request.
  Time since last request: 11.124816 seconds.
  path: Assets/Materials/Train.mat
  artifactKey: Guid(43284de7d62e0e84abc7a719bc9e9704) Importer(815301076,1909f56bfc062723c751e8b465ee728b)
Start importing Assets/Materials/Train.mat using Guid(43284de7d62e0e84abc7a719bc9e9704) Importer(815301076,1909f56bfc062723c751e8b465ee728b)  -> (artifact id: '29ae08ba4e3eb59e6a8ed02e8fc6cd99') in 0.033034 seconds 
========================================================================
Received Import Request.
  Time since last request: 6.605640 seconds.
  path: Assets/Prefabs/Tile/Road/Post-Truck.prefab
  artifactKey: Guid(f830ce4adec92f141b00b25b142b61a0) Importer(815301076,1909f56bfc062723c751e8b465ee728b)
Start importing Assets/Prefabs/Tile/Road/Post-Truck.prefab using Guid(f830ce4adec92f141b00b25b142b61a0) Importer(815301076,1909f56bfc062723c751e8b465ee728b)  -> (artifact id: '29b2018eacfcf1696eb1ec2ac1af239f') in 0.022384 seconds 
========================================================================
Received Import Request.
  Time since last request: 11.013906 seconds.
  path: Assets/Prefabs/Tile/Road/Vehicle_2.prefab
  artifactKey: Guid(f830ce4adec92f141b00b25b142b61a0) Importer(815301076,1909f56bfc062723c751e8b465ee728b)
Start importing Assets/Prefabs/Tile/Road/Vehicle_2.prefab using Guid(f830ce4adec92f141b00b25b142b61a0) Importer(815301076,1909f56bfc062723c751e8b465ee728b)  -> (artifact id: '705165718d5045ff416dd28b6153a5d7') in 0.025913 seconds 
========================================================================
Received Import Request.
  Time since last request: 159.913428 seconds.
  path: Assets/Prefabs/Tile/Road/Vehicle_2.prefab
  artifactKey: Guid(f830ce4adec92f141b00b25b142b61a0) Importer(815301076,1909f56bfc062723c751e8b465ee728b)
Start importing Assets/Prefabs/Tile/Road/Vehicle_2.prefab using Guid(f830ce4adec92f141b00b25b142b61a0) Importer(815301076,1909f56bfc062723c751e8b465ee728b)  -> (artifact id: 'cca5a9187f75205e6b9b7d0230b5d5a0') in 0.028628 seconds 
========================================================================
Received Import Request.
  Time since last request: 1.795352 seconds.
  path: Assets/Prefabs/Tile/Road/Vehicle 2.prefab
  artifactKey: Guid(d34baa87137e0444492e7b0d291e9ef6) Importer(815301076,1909f56bfc062723c751e8b465ee728b)
Start importing Assets/Prefabs/Tile/Road/Vehicle 2.prefab using Guid(d34baa87137e0444492e7b0d291e9ef6) Importer(815301076,1909f56bfc062723c751e8b465ee728b)  -> (artifact id: '05b63d5e2ff005d7ecbb7f42fd22a79c') in 0.038542 seconds 
========================================================================
Received Import Request.
  Time since last request: 1.236539 seconds.
  path: Assets/Prefabs/Tile/Road/RoadTile.prefab
  artifactKey: Guid(1704fd086eadc8b4a81380cfe30ba9ac) Importer(815301076,1909f56bfc062723c751e8b465ee728b)
Start importing Assets/Prefabs/Tile/Road/RoadTile.prefab using Guid(1704fd086eadc8b4a81380cfe30ba9ac) Importer(815301076,1909f56bfc062723c751e8b465ee728b)  -> (artifact id: '4ce8019d28c80a6403371b5baef28aed') in 0.060952 seconds 
========================================================================
Received Import Request.
  Time since last request: 23.160750 seconds.
  path: Assets/Prefabs/Tile/Road/RoadTile.prefab
  artifactKey: Guid(1704fd086eadc8b4a81380cfe30ba9ac) Importer(815301076,1909f56bfc062723c751e8b465ee728b)
Start importing Assets/Prefabs/Tile/Road/RoadTile.prefab using Guid(1704fd086eadc8b4a81380cfe30ba9ac) Importer(815301076,1909f56bfc062723c751e8b465ee728b)  -> (artifact id: 'ed20b0b1631cbe0dc4000f7f8a39e3d9') in 0.054804 seconds 
========================================================================
Received Import Request.
  Time since last request: 4.252437 seconds.
  path: Assets/Prefabs/Tile/Road/RoadTile.prefab
  artifactKey: Guid(1704fd086eadc8b4a81380cfe30ba9ac) Importer(815301076,1909f56bfc062723c751e8b465ee728b)
Start importing Assets/Prefabs/Tile/Road/RoadTile.prefab using Guid(1704fd086eadc8b4a81380cfe30ba9ac) Importer(815301076,1909f56bfc062723c751e8b465ee728b)  -> (artifact id: '6f9d508bdc4c17b7af642b5e8f643ecb') in 0.055677 seconds 
========================================================================
Received Import Request.
  Time since last request: 2.540558 seconds.
  path: Assets/Prefabs/Tile/Road/RoadTile.prefab
  artifactKey: Guid(1704fd086eadc8b4a81380cfe30ba9ac) Importer(815301076,1909f56bfc062723c751e8b465ee728b)
Start importing Assets/Prefabs/Tile/Road/RoadTile.prefab using Guid(1704fd086eadc8b4a81380cfe30ba9ac) Importer(815301076,1909f56bfc062723c751e8b465ee728b)  -> (artifact id: '1d25c2115b8ae63a3f4d465847797a55') in 0.058262 seconds 
========================================================================
Received Import Request.
  Time since last request: 14.141529 seconds.
  path: Assets/Prefabs/Tile/Road/Vehicle_1.prefab
  artifactKey: Guid(753f514f64fbe9f48bc56827c2b0b211) Importer(815301076,1909f56bfc062723c751e8b465ee728b)
Start importing Assets/Prefabs/Tile/Road/Vehicle_1.prefab using Guid(753f514f64fbe9f48bc56827c2b0b211) Importer(815301076,1909f56bfc062723c751e8b465ee728b)  -> (artifact id: '8097fe13c778b646c696bb21d691cdf7') in 0.037888 seconds 
========================================================================
Received Import Request.
  Time since last request: 19.019586 seconds.
  path: Assets/Prefabs/Tile/Road/MuscleCarV4.prefab
  artifactKey: Guid(6cee0c17bd3e95141bfcc98fdffc3502) Importer(815301076,1909f56bfc062723c751e8b465ee728b)
Start importing Assets/Prefabs/Tile/Road/MuscleCarV4.prefab using Guid(6cee0c17bd3e95141bfcc98fdffc3502) Importer(815301076,1909f56bfc062723c751e8b465ee728b)  -> (artifact id: '0cf8675c0a87495edf047637f1b4728e') in 0.021440 seconds 
========================================================================
Received Import Request.
  Time since last request: 5.218988 seconds.
  path: Assets/Prefabs/Tile/Road/Vehicle_3.prefab
  artifactKey: Guid(6cee0c17bd3e95141bfcc98fdffc3502) Importer(815301076,1909f56bfc062723c751e8b465ee728b)
Start importing Assets/Prefabs/Tile/Road/Vehicle_3.prefab using Guid(6cee0c17bd3e95141bfcc98fdffc3502) Importer(815301076,1909f56bfc062723c751e8b465ee728b)  -> (artifact id: '3b2c2510af1738ea351f241a3d3e583b') in 0.024603 seconds 
========================================================================
Received Import Request.
  Time since last request: 23.759564 seconds.
  path: Assets/Prefabs/Tile/Road/Vehicle 3.prefab
  artifactKey: Guid(73bed5ae081cd5a4181ef40fe5bb371e) Importer(815301076,1909f56bfc062723c751e8b465ee728b)
Start importing Assets/Prefabs/Tile/Road/Vehicle 3.prefab using Guid(73bed5ae081cd5a4181ef40fe5bb371e) Importer(815301076,1909f56bfc062723c751e8b465ee728b)  -> (artifact id: 'f8fd22b042bcc853815ace84d85916e9') in 0.035400 seconds 
========================================================================
Received Import Request.
  Time since last request: 4.858747 seconds.
  path: Assets/Prefabs/Tile/Road/RoadTile.prefab
  artifactKey: Guid(1704fd086eadc8b4a81380cfe30ba9ac) Importer(815301076,1909f56bfc062723c751e8b465ee728b)
Start importing Assets/Prefabs/Tile/Road/RoadTile.prefab using Guid(1704fd086eadc8b4a81380cfe30ba9ac) Importer(815301076,1909f56bfc062723c751e8b465ee728b)  -> (artifact id: '8fa86006e768f22a2fe5f2745e3cd13d') in 0.079313 seconds 
========================================================================
Received Import Request.
  Time since last request: 42.657270 seconds.
  path: Assets/Prefabs/Tile/Road/Vehicle 3.prefab
  artifactKey: Guid(73bed5ae081cd5a4181ef40fe5bb371e) Importer(815301076,1909f56bfc062723c751e8b465ee728b)
Start importing Assets/Prefabs/Tile/Road/Vehicle 3.prefab using Guid(73bed5ae081cd5a4181ef40fe5bb371e) Importer(815301076,1909f56bfc062723c751e8b465ee728b)  -> (artifact id: '67c9b6d1015bff24817666c996da42a2') in 0.031413 seconds 
========================================================================
Received Import Request.
  Time since last request: 24.443555 seconds.
  path: Assets/Prefabs/Tile/Road/Vehicle 3.prefab
  artifactKey: Guid(73bed5ae081cd5a4181ef40fe5bb371e) Importer(815301076,1909f56bfc062723c751e8b465ee728b)
Start importing Assets/Prefabs/Tile/Road/Vehicle 3.prefab using Guid(73bed5ae081cd5a4181ef40fe5bb371e) Importer(815301076,1909f56bfc062723c751e8b465ee728b)  -> (artifact id: 'beb6bdb599a02f2fe9bd51fd2818a27a') in 0.031089 seconds 
========================================================================
Received Import Request.
  Time since last request: 0.747520 seconds.
  path: Assets/Prefabs/Tile/Road/Vehicle 3.prefab
  artifactKey: Guid(73bed5ae081cd5a4181ef40fe5bb371e) Importer(815301076,1909f56bfc062723c751e8b465ee728b)
Start importing Assets/Prefabs/Tile/Road/Vehicle 3.prefab using Guid(73bed5ae081cd5a4181ef40fe5bb371e) Importer(815301076,1909f56bfc062723c751e8b465ee728b)  -> (artifact id: '51843bc74d1a64fd320ccdf8e9696afb') in 0.024562 seconds 
========================================================================
Received Import Request.
  Time since last request: 1.342584 seconds.
  path: Assets/Prefabs/Tile/Road/RoadTile.prefab
  artifactKey: Guid(1704fd086eadc8b4a81380cfe30ba9ac) Importer(815301076,1909f56bfc062723c751e8b465ee728b)
Start importing Assets/Prefabs/Tile/Road/RoadTile.prefab using Guid(1704fd086eadc8b4a81380cfe30ba9ac) Importer(815301076,1909f56bfc062723c751e8b465ee728b)  -> (artifact id: '823927996bcb1cd17441e22321efc487') in 0.060057 seconds 
========================================================================
Received Import Request.
  Time since last request: 3.952046 seconds.
  path: Assets/Materials/Rail.mat
  artifactKey: Guid(c89361bc954eff44a985772741f40e9b) Importer(815301076,1909f56bfc062723c751e8b465ee728b)
Start importing Assets/Materials/Rail.mat using Guid(c89361bc954eff44a985772741f40e9b) Importer(815301076,1909f56bfc062723c751e8b465ee728b)  -> (artifact id: 'bc53f0f4603f7a49c66e2f5f7230e1a1') in 0.019636 seconds 
========================================================================
Received Import Request.
  Time since last request: 0.586522 seconds.
  path: Assets/Materials/RedLight.mat
  artifactKey: Guid(6e019eef9be432d4191fcfa260064038) Importer(815301076,1909f56bfc062723c751e8b465ee728b)
Start importing Assets/Materials/RedLight.mat using Guid(6e019eef9be432d4191fcfa260064038) Importer(815301076,1909f56bfc062723c751e8b465ee728b)  -> (artifact id: 'cdf84a3c417aa953c4357ed6b43b8945') in 0.039472 seconds 
========================================================================
Received Import Request.
  Time since last request: 15.700874 seconds.
  path: Assets/External Assets/VoxelAnimals/Assets
  artifactKey: Guid(f766f2818d2b2674ab07ebfb86004660) Importer(815301076,1909f56bfc062723c751e8b465ee728b)
Start importing Assets/External Assets/VoxelAnimals/Assets using Guid(f766f2818d2b2674ab07ebfb86004660) Importer(815301076,1909f56bfc062723c751e8b465ee728b)  -> (artifact id: '0340c28cd4b2ac1197dc3b3866360cc8') in 0.007806 seconds 
========================================================================
Received Import Request.
  Time since last request: 2.669758 seconds.
  path: Assets/External Assets/VoxelAnimals/Assets/Scripts
  artifactKey: Guid(a3a4bbb8d46841b41ad0d76d4dbef196) Importer(815301076,1909f56bfc062723c751e8b465ee728b)
Start importing Assets/External Assets/VoxelAnimals/Assets/Scripts using Guid(a3a4bbb8d46841b41ad0d76d4dbef196) Importer(815301076,1909f56bfc062723c751e8b465ee728b)  -> (artifact id: 'bb76155a68c042f963d2454061aca408') in 0.006757 seconds 
========================================================================
Received Import Request.
  Time since last request: 0.751968 seconds.
  path: Assets/External Assets/VoxelAnimals/Assets/Scripts/PlayerController.cs
  artifactKey: Guid(40079260bda69f14c80332a04d1632a6) Importer(815301076,1909f56bfc062723c751e8b465ee728b)
Start importing Assets/External Assets/VoxelAnimals/Assets/Scripts/PlayerController.cs using Guid(40079260bda69f14c80332a04d1632a6) Importer(815301076,1909f56bfc062723c751e8b465ee728b)  -> (artifact id: '7284a73d23f3faaf1369eb91be61b112') in 0.022464 seconds 
========================================================================
Received Prepare
Registering precompiled user dll's ...
Registered in 0.025068 seconds.
Begin MonoManager ReloadAssembly
Symbol file LoadedFromMemory doesn't match image C:\MetaverseProgramming_LJH\2022_Unity_Crossy_Road_Copy\Crossy_Road_Copy\Library\PackageCache\com.unity.visualscripting@1.7.8\Editor\VisualScripting.Core\Dependencies\YamlDotNet\Unity.VisualScripting.YamlDotNet.dll
Symbol file LoadedFromMemory doesn't match image C:\MetaverseProgramming_LJH\2022_Unity_Crossy_Road_Copy\Crossy_Road_Copy\Library\PackageCache\com.unity.visualscripting@1.7.8\Editor\VisualScripting.Core\Dependencies\DotNetZip\Unity.VisualScripting.IonicZip.dll
Native extension for UWP target not found
Native extension for WindowsStandalone target not found
Native extension for Android target not found
Refreshing native plugins compatible for Editor in 0.82 ms, found 3 plugins.
Preloading 0 native plugins for Editor in 0.00 ms.
Mono: successfully reloaded assembly
- Completed reload, in  2.457 seconds
Domain Reload Profiling:
	ReloadAssembly (2459ms)
		BeginReloadAssembly (407ms)
			ExecutionOrderSort (0ms)
			DisableScriptedObjects (7ms)
			BackupInstance (0ms)
			ReleaseScriptingObjects (0ms)
			CreateAndSetChildDomain (71ms)
		EndReloadAssembly (1764ms)
			LoadAssemblies (355ms)
			RebuildTransferFunctionScriptingTraits (0ms)
			SetupTypeCache (581ms)
			ReleaseScriptCaches (2ms)
			RebuildScriptCaches (76ms)
			SetupLoadedEditorAssemblies (768ms)
				LogAssemblyErrors (0ms)
				InitializePlatformSupportModulesInManaged (63ms)
				SetLoadedEditorAssemblies (1ms)
				RefreshPlugins (1ms)
				BeforeProcessingInitializeOnLoad (173ms)
				ProcessInitializeOnLoadAttributes (413ms)
				ProcessInitializeOnLoadMethodAttributes (64ms)
				AfterProcessingInitializeOnLoad (53ms)
				EditorAssembliesLoaded (0ms)
			ExecutionOrderSort2 (0ms)
			AwakeInstancesAfterBackupRestoration (37ms)
Platform modules already initialized, skipping
Refreshing native plugins compatible for Editor in 5.50 ms, found 3 plugins.
Preloading 0 native plugins for Editor in 0.00 ms.
Unloading 3577 Unused Serialized files (Serialized files now loaded: 0)
Unloading 22 unused Assets / (149.3 KB). Loaded Objects now: 4216.
Memory consumption went from 131.6 MB to 131.5 MB.
Total: 4.702300 ms (FindLiveObjects: 0.432300 ms CreateObjectMapping: 0.302200 ms MarkObjects: 3.836600 ms  DeleteObjects: 0.129700 ms)

AssetImportParameters requested are different than current active one (requested -> active):
  custom:video-decoder-ogg-theora: a1e56fd34408186e4bbccfd4996cb3dc -> 
  custom:container-muxer-webm: aa71ff27fc2769a1b78a27578f13a17b -> 
  custom:container-demuxer-webm: 4f35f7cbe854078d1ac9338744f61a02 -> 
  custom:video-encoder-webm-vp8: eb34c28f22e8b96e1ab97ce403110664 -> 
  custom:audio-encoder-webm-vorbis: bf7c407c2cedff20999df2af8eb42d56 -> 
  custom:framework-win-MediaFoundation: 216162199b28c13a410421893ffa2e32 -> 
  custom:container-demuxer-ogg: 62fdf1f143b41e24485cea50d1cbac27 -> 
  custom:video-decoder-webm-vp8: 9c59270c3fd7afecdb556c50c9e8de78 -> 
  custom:audio-decoder-ogg-vorbis: bf7c407c2cedff20999df2af8eb42d56 -> 
